Using pre-set license
Built from '2021.3/staging' branch; Version is '2021.3.21f1 (1b156197d683) revision 1774945'; Using compiler version '192829333'; Build Type 'Release'
OS: 'Windows 11  (10.0.22000) 64bit Core' Language: 'en' Physical Memory: 8087 MB
BatchMode: 1, IsHumanControllingUs: 0, StartBugReporterOnCrash: 0, Is64bit: 1, IsPro: 1

COMMAND LINE ARGUMENTS:
D:\Unity\2021.3.21f1\Editor\Unity.exe
-adb2
-batchMode
-noUpm
-name
AssetImportWorker0
-projectPath
D:/Unity/New folder/UnityTempleRun/TempleRun
-logFile
Logs/AssetImportWorker0.log
-srvPort
51901
Successfully changed project path to: D:/Unity/New folder/UnityTempleRun/TempleRun
D:/Unity/New folder/UnityTempleRun/TempleRun
[UnityMemory] Configuration Parameters - Can be set up in boot.config
    "memorysetup-bucket-allocator-granularity=16"
    "memorysetup-bucket-allocator-bucket-count=8"
    "memorysetup-bucket-allocator-block-size=33554432"
    "memorysetup-bucket-allocator-block-count=8"
    "memorysetup-main-allocator-block-size=16777216"
    "memorysetup-thread-allocator-block-size=16777216"
    "memorysetup-gfx-main-allocator-block-size=16777216"
    "memorysetup-gfx-thread-allocator-block-size=16777216"
    "memorysetup-cache-allocator-block-size=4194304"
    "memorysetup-typetree-allocator-block-size=2097152"
    "memorysetup-profiler-bucket-allocator-granularity=16"
    "memorysetup-profiler-bucket-allocator-bucket-count=8"
    "memorysetup-profiler-bucket-allocator-block-size=33554432"
    "memorysetup-profiler-bucket-allocator-block-count=8"
    "memorysetup-profiler-allocator-block-size=16777216"
    "memorysetup-profiler-editor-allocator-block-size=1048576"
    "memorysetup-temp-allocator-size-main=16777216"
    "memorysetup-job-temp-allocator-block-size=2097152"
    "memorysetup-job-temp-allocator-block-size-background=1048576"
    "memorysetup-job-temp-allocator-reduction-small-platforms=262144"
    "memorysetup-temp-allocator-size-background-worker=32768"
    "memorysetup-temp-allocator-size-job-worker=262144"
    "memorysetup-temp-allocator-size-preload-manager=33554432"
    "memorysetup-temp-allocator-size-nav-mesh-worker=65536"
    "memorysetup-temp-allocator-size-audio-worker=65536"
    "memorysetup-temp-allocator-size-cloud-worker=32768"
    "memorysetup-temp-allocator-size-gi-baking-worker=262144"
    "memorysetup-temp-allocator-size-gfx=262144"
Player connection [13400] Host "[IP] 0.0.0.0 [Port] 0 [Flags] 2 [Guid] 568352064 [EditorId] 568352064 [Version] 1048832 [Id] WindowsEditor(7,DESKTOP-KE92C3P) [Debug] 1 [PackageName] WindowsEditor [ProjectName] Editor" joined multi-casting on [225.0.0.222:54997]...

Player connection [13400] Host "[IP] 0.0.0.0 [Port] 0 [Flags] 2 [Guid] 568352064 [EditorId] 568352064 [Version] 1048832 [Id] WindowsEditor(7,DESKTOP-KE92C3P) [Debug] 1 [PackageName] WindowsEditor [ProjectName] Editor" joined alternative multi-casting on [225.0.0.222:34997]...

Refreshing native plugins compatible for Editor in 119.00 ms, found 3 plugins.
Preloading 0 native plugins for Editor in 0.00 ms.
Initialize engine version: 2021.3.21f1 (1b156197d683)
[Subsystems] Discovering subsystems at path D:/Unity/2021.3.21f1/Editor/Data/Resources/UnitySubsystems
[Subsystems] Discovering subsystems at path D:/Unity/New folder/UnityTempleRun/TempleRun/Assets
GfxDevice: creating device client; threaded=0; jobified=0
Direct3D:
    Version:  Direct3D 11.0 [level 11.0]
    Renderer: NVIDIA GeForce 940MX (ID=0x179c)
    Vendor:   NVIDIA
    VRAM:     2010 MB
    Driver:   24.21.13.9924
Initialize mono
Mono path[0] = 'D:/Unity/2021.3.21f1/Editor/Data/Managed'
Mono path[1] = 'D:/Unity/2021.3.21f1/Editor/Data/MonoBleedingEdge/lib/mono/unityjit-win32'
Mono config path = 'D:/Unity/2021.3.21f1/Editor/Data/MonoBleedingEdge/etc'
Using monoOptions --debugger-agent=transport=dt_socket,embedding=1,server=y,suspend=n,address=127.0.0.1:56928
Begin MonoManager ReloadAssembly
Registering precompiled unity dll's ...
Register platform support module: D:/Unity/2021.3.21f1/Editor/Data/PlaybackEngines/iOSSupport/UnityEditor.iOS.Extensions.dll
Register platform support module: D:/Unity/2021.3.21f1/Editor/Data/PlaybackEngines/AppleTVSupport/UnityEditor.AppleTV.Extensions.dll
Register platform support module: D:/Unity/2021.3.21f1/Editor/Data/PlaybackEngines/WindowsStandaloneSupport/UnityEditor.WindowsStandalone.Extensions.dll
Registered in 0.003557 seconds.
Native extension for WindowsStandalone target not found
Failed to load: D:/Unity/2021.3.21f1/Editor/Data/PlaybackEngines/AppleTVSupport\x64\UnityEditor.iOS.Native.dll
Native extension for AppleTV target not found
Failed to load: D:/Unity/2021.3.21f1/Editor/Data/PlaybackEngines/iOSSupport\x64\UnityEditor.iOS.Native.dll
Native extension for iOS target not found
Refreshing native plugins compatible for Editor in 115.88 ms, found 3 plugins.
Preloading 0 native plugins for Editor in 0.00 ms.
Mono: successfully reloaded assembly
- Completed reload, in  0.920 seconds
Domain Reload Profiling:
	ReloadAssembly (920ms)
		BeginReloadAssembly (113ms)
			ExecutionOrderSort (0ms)
			DisableScriptedObjects (0ms)
			BackupInstance (0ms)
			ReleaseScriptingObjects (0ms)
			CreateAndSetChildDomain (1ms)
		EndReloadAssembly (682ms)
			LoadAssemblies (113ms)
			RebuildTransferFunctionScriptingTraits (0ms)
			SetupTypeCache (164ms)
			ReleaseScriptCaches (0ms)
			RebuildScriptCaches (49ms)
			SetupLoadedEditorAssemblies (402ms)
				LogAssemblyErrors (0ms)
				InitializePlatformSupportModulesInManaged (39ms)
				SetLoadedEditorAssemblies (0ms)
				RefreshPlugins (116ms)
				BeforeProcessingInitializeOnLoad (2ms)
				ProcessInitializeOnLoadAttributes (181ms)
				ProcessInitializeOnLoadMethodAttributes (65ms)
				AfterProcessingInitializeOnLoad (0ms)
				EditorAssembliesLoaded (0ms)
			ExecutionOrderSort2 (0ms)
			AwakeInstancesAfterBackupRestoration (0ms)
Platform modules already initialized, skipping
Registering precompiled user dll's ...
Registered in 0.005219 seconds.
Begin MonoManager ReloadAssembly
Symbol file LoadedFromMemory doesn't match image D:\Unity\New folder\UnityTempleRun\TempleRun\Library\PackageCache\com.unity.visualscripting@1.8.0\Editor\VisualScripting.Core\Dependencies\YamlDotNet\Unity.VisualScripting.YamlDotNet.dll
Symbol file LoadedFromMemory doesn't match image D:\Unity\New folder\UnityTempleRun\TempleRun\Library\PackageCache\com.unity.visualscripting@1.8.0\Editor\VisualScripting.Core\Dependencies\DotNetZip\Unity.VisualScripting.IonicZip.dll
Native extension for WindowsStandalone target not found
Failed to load: D:/Unity/2021.3.21f1/Editor/Data/PlaybackEngines/AppleTVSupport\x64\UnityEditor.iOS.Native.dll
Native extension for AppleTV target not found
Failed to load: D:/Unity/2021.3.21f1/Editor/Data/PlaybackEngines/iOSSupport\x64\UnityEditor.iOS.Native.dll
Native extension for iOS target not found
Refreshing native plugins compatible for Editor in 0.69 ms, found 3 plugins.
Preloading 0 native plugins for Editor in 0.00 ms.
Mono: successfully reloaded assembly
- Completed reload, in  1.379 seconds
Domain Reload Profiling:
	ReloadAssembly (1380ms)
		BeginReloadAssembly (162ms)
			ExecutionOrderSort (0ms)
			DisableScriptedObjects (8ms)
			BackupInstance (0ms)
			ReleaseScriptingObjects (0ms)
			CreateAndSetChildDomain (27ms)
		EndReloadAssembly (1081ms)
			LoadAssemblies (117ms)
			RebuildTransferFunctionScriptingTraits (0ms)
			SetupTypeCache (388ms)
			ReleaseScriptCaches (1ms)
			RebuildScriptCaches (70ms)
			SetupLoadedEditorAssemblies (471ms)
				LogAssemblyErrors (0ms)
				InitializePlatformSupportModulesInManaged (26ms)
				SetLoadedEditorAssemblies (1ms)
				RefreshPlugins (1ms)
				BeforeProcessingInitializeOnLoad (112ms)
				ProcessInitializeOnLoadAttributes (301ms)
				ProcessInitializeOnLoadMethodAttributes (27ms)
				AfterProcessingInitializeOnLoad (3ms)
				EditorAssembliesLoaded (0ms)
			ExecutionOrderSort2 (0ms)
			AwakeInstancesAfterBackupRestoration (9ms)
Platform modules already initialized, skipping
========================================================================
Worker process is ready to serve import requests
Launched and connected shader compiler UnityShaderCompiler.exe after 0.06 seconds
Refreshing native plugins compatible for Editor in 0.60 ms, found 3 plugins.
Preloading 0 native plugins for Editor in 0.00 ms.
Unloading 3080 Unused Serialized files (Serialized files now loaded: 0)
Unloading 24 unused Assets / (114.9 KB). Loaded Objects now: 3542.
Memory consumption went from 167.2 MB to 167.1 MB.
Total: 5.707700 ms (FindLiveObjects: 0.347600 ms CreateObjectMapping: 0.272700 ms MarkObjects: 4.927800 ms  DeleteObjects: 0.158500 ms)

AssetImportParameters requested are different than current active one (requested -> active):
  custom:video-decoder-ogg-theora: a1e56fd34408186e4bbccfd4996cb3dc -> 
  custom:container-muxer-webm: aa71ff27fc2769a1b78a27578f13a17b -> 
  custom:container-demuxer-webm: 4f35f7cbe854078d1ac9338744f61a02 -> 
  custom:video-encoder-webm-vp8: eb34c28f22e8b96e1ab97ce403110664 -> 
  custom:audio-encoder-webm-vorbis: bf7c407c2cedff20999df2af8eb42d56 -> 
  custom:framework-win-MediaFoundation: 216162199b28c13a410421893ffa2e32 -> 
  custom:container-demuxer-ogg: 62fdf1f143b41e24485cea50d1cbac27 -> 
  custom:video-decoder-webm-vp8: 9c59270c3fd7afecdb556c50c9e8de78 -> 
  custom:audio-decoder-ogg-vorbis: bf7c407c2cedff20999df2af8eb42d56 -> 
========================================================================
Received Import Request.
  Time since last request: 10713.708694 seconds.
  path: Assets/Polytope Studio/Lowpoly Medieval Environments/SRP/PT_Environment_Pack_URP_7.5.3.unitypackage
  artifactKey: Guid(07ecfad19cbdf1c409552991e72ee5e9) Importer(815301076,1909f56bfc062723c751e8b465ee728b)
Start importing Assets/Polytope Studio/Lowpoly Medieval Environments/SRP/PT_Environment_Pack_URP_7.5.3.unitypackage using Guid(07ecfad19cbdf1c409552991e72ee5e9) Importer(815301076,1909f56bfc062723c751e8b465ee728b)  -> (artifact id: '0241cdbe00f2f0a9f3df1d0839d6c285') in 0.066511 seconds 
========================================================================
Received Import Request.
  Time since last request: 14.118438 seconds.
  path: Assets/Polytope Studio/Lowpoly Medieval Environments/Prefabs/Flowers/PT_Poppy_02.prefab
  artifactKey: Guid(2b66385ecc3e6b34e82ee78058e90aea) Importer(815301076,1909f56bfc062723c751e8b465ee728b)
Start importing Assets/Polytope Studio/Lowpoly Medieval Environments/Prefabs/Flowers/PT_Poppy_02.prefab using Guid(2b66385ecc3e6b34e82ee78058e90aea) Importer(815301076,1909f56bfc062723c751e8b465ee728b)  -> (artifact id: '8ae29fc37c76048abbfdb0a4611fc6cf') in 0.187724 seconds 
========================================================================
Received Import Request.
  Time since last request: 1.082840 seconds.
  path: Assets/Polytope Studio/Lowpoly Medieval Environments/Prefabs/Mushrooms/PT_Caesars_Mushroom_01.prefab
  artifactKey: Guid(61982c2c99063e44e9e4646d763c0439) Importer(815301076,1909f56bfc062723c751e8b465ee728b)
Start importing Assets/Polytope Studio/Lowpoly Medieval Environments/Prefabs/Mushrooms/PT_Caesars_Mushroom_01.prefab using Guid(61982c2c99063e44e9e4646d763c0439) Importer(815301076,1909f56bfc062723c751e8b465ee728b)  -> (artifact id: 'ddf14e26f3afcfe061218f7f179313b9') in 0.041671 seconds 
========================================================================
Received Import Request.
  Time since last request: 0.812279 seconds.
  path: Assets/Polytope Studio/Lowpoly Medieval Environments/Prefabs/Plants/PT_Grass_02.prefab
  artifactKey: Guid(82b2c64f4e2d5264bbf0f909cadda2fa) Importer(815301076,1909f56bfc062723c751e8b465ee728b)
Start importing Assets/Polytope Studio/Lowpoly Medieval Environments/Prefabs/Plants/PT_Grass_02.prefab using Guid(82b2c64f4e2d5264bbf0f909cadda2fa) Importer(815301076,1909f56bfc062723c751e8b465ee728b)  -> (artifact id: '1155ceb4b0f147cf59fa9c4399611aa9') in 0.047127 seconds 
========================================================================
Received Import Request.
  Time since last request: 1.261631 seconds.
  path: Assets/Polytope Studio/Lowpoly Medieval Environments/Prefabs/Rocks/PT_Generic_Rock_01.prefab
  artifactKey: Guid(16cfe0f76e1afc24ca16a7080d66f082) Importer(815301076,1909f56bfc062723c751e8b465ee728b)
Start importing Assets/Polytope Studio/Lowpoly Medieval Environments/Prefabs/Rocks/PT_Generic_Rock_01.prefab using Guid(16cfe0f76e1afc24ca16a7080d66f082) Importer(815301076,1909f56bfc062723c751e8b465ee728b)  -> (artifact id: '21a43715ea473e8562ed24dd1951ae1a') in 0.111839 seconds 
========================================================================
Received Import Request.
  Time since last request: 0.000072 seconds.
  path: Assets/Polytope Studio/Lowpoly Medieval Environments/Prefabs/Rocks/PT_River_Rock_Pile_02.prefab
  artifactKey: Guid(877b08f512178384dadca8cf28e31a7e) Importer(815301076,1909f56bfc062723c751e8b465ee728b)
Start importing Assets/Polytope Studio/Lowpoly Medieval Environments/Prefabs/Rocks/PT_River_Rock_Pile_02.prefab using Guid(877b08f512178384dadca8cf28e31a7e) Importer(815301076,1909f56bfc062723c751e8b465ee728b)  -> (artifact id: '3d401acff4a5b23c01558a943ff47220') in 0.056441 seconds 
========================================================================
Received Import Request.
  Time since last request: 0.000054 seconds.
  path: Assets/Polytope Studio/Lowpoly Medieval Environments/Prefabs/Rocks/PT_Ore_Rock_01_split.prefab
  artifactKey: Guid(08dc6dea988fc6d4db0c50c111bd77dc) Importer(815301076,1909f56bfc062723c751e8b465ee728b)
Start importing Assets/Polytope Studio/Lowpoly Medieval Environments/Prefabs/Rocks/PT_Ore_Rock_01_split.prefab using Guid(08dc6dea988fc6d4db0c50c111bd77dc) Importer(815301076,1909f56bfc062723c751e8b465ee728b)  -> (artifact id: 'ba9fd5c7e8edc121f9dbb5a54fb1a0d9') in 0.050009 seconds 
========================================================================
Received Import Request.
  Time since last request: 0.000027 seconds.
  path: Assets/Polytope Studio/Lowpoly Medieval Environments/Prefabs/Rocks/PT_Ore_Rock_01.prefab
  artifactKey: Guid(675e0383b4293ad40b957d549c5db668) Importer(815301076,1909f56bfc062723c751e8b465ee728b)
Start importing Assets/Polytope Studio/Lowpoly Medieval Environments/Prefabs/Rocks/PT_Ore_Rock_01.prefab using Guid(675e0383b4293ad40b957d549c5db668) Importer(815301076,1909f56bfc062723c751e8b465ee728b)  -> (artifact id: 'c04d51620d4b395f15b13a5d0ca71b88') in 0.051891 seconds 
========================================================================
Received Import Request.
  Time since last request: 0.616022 seconds.
  path: Assets/Polytope Studio/Lowpoly Medieval Environments/Prefabs/Shrubs/PT_Generic_Shrub_01_dead.prefab
  artifactKey: Guid(06d032abe82fad741b5025b9013bb63a) Importer(815301076,1909f56bfc062723c751e8b465ee728b)
Start importing Assets/Polytope Studio/Lowpoly Medieval Environments/Prefabs/Shrubs/PT_Generic_Shrub_01_dead.prefab using Guid(06d032abe82fad741b5025b9013bb63a) Importer(815301076,1909f56bfc062723c751e8b465ee728b)  -> (artifact id: '5ce4b0284902e38498e6e8c835217ab6') in 0.052690 seconds 
========================================================================
Received Import Request.
  Time since last request: 1.071458 seconds.
  path: Assets/Polytope Studio/Lowpoly Medieval Environments/Prefabs/Trees/PT_Fruit_Tree_01_apples.prefab
  artifactKey: Guid(fe0c38f5305f2e14ca7e033eed8192aa) Importer(815301076,1909f56bfc062723c751e8b465ee728b)
Start importing Assets/Polytope Studio/Lowpoly Medieval Environments/Prefabs/Trees/PT_Fruit_Tree_01_apples.prefab using Guid(fe0c38f5305f2e14ca7e033eed8192aa) Importer(815301076,1909f56bfc062723c751e8b465ee728b)  -> (artifact id: '19f4002de012a81303940c8c52c4d8a2') in 0.043513 seconds 
========================================================================
Received Import Request.
  Time since last request: 0.000024 seconds.
  path: Assets/Polytope Studio/Lowpoly Medieval Environments/Prefabs/Trees/PT_Fruit_Tree_01_green_cut.prefab
  artifactKey: Guid(021bfbcf15abb7543a51a487fa1c05ef) Importer(815301076,1909f56bfc062723c751e8b465ee728b)
Start importing Assets/Polytope Studio/Lowpoly Medieval Environments/Prefabs/Trees/PT_Fruit_Tree_01_green_cut.prefab using Guid(021bfbcf15abb7543a51a487fa1c05ef) Importer(815301076,1909f56bfc062723c751e8b465ee728b)  -> (artifact id: 'bf0f6d6688d5255a0456bb272be4b259') in 0.033351 seconds 
========================================================================
Received Import Request.
  Time since last request: 0.000036 seconds.
  path: Assets/Polytope Studio/Lowpoly Medieval Environments/Prefabs/Trees/PT_Pine_Tree_03_dead_cut.prefab
  artifactKey: Guid(7bbef63b5bd52bc4bb03cdc6cbb94a6f) Importer(815301076,1909f56bfc062723c751e8b465ee728b)
Start importing Assets/Polytope Studio/Lowpoly Medieval Environments/Prefabs/Trees/PT_Pine_Tree_03_dead_cut.prefab using Guid(7bbef63b5bd52bc4bb03cdc6cbb94a6f) Importer(815301076,1909f56bfc062723c751e8b465ee728b)  -> (artifact id: 'f49bf15f61ee4741aef89ec60d2ed60d') in 0.031873 seconds 
========================================================================
Received Import Request.
  Time since last request: 0.000035 seconds.
  path: Assets/Polytope Studio/Lowpoly Medieval Environments/Prefabs/Trees/PT_Pine_Tree_03_stump.prefab
  artifactKey: Guid(7d2041206c208f54991b199315b8f7a8) Importer(815301076,1909f56bfc062723c751e8b465ee728b)
Start importing Assets/Polytope Studio/Lowpoly Medieval Environments/Prefabs/Trees/PT_Pine_Tree_03_stump.prefab using Guid(7d2041206c208f54991b199315b8f7a8) Importer(815301076,1909f56bfc062723c751e8b465ee728b)  -> (artifact id: 'c3a3a600c37d73a902f9f9279264260a') in 0.041940 seconds 
========================================================================
Received Import Request.
  Time since last request: 0.000032 seconds.
  path: Assets/Polytope Studio/Lowpoly Medieval Environments/Prefabs/Trees/PT_Fruit_Tree_01_plums.prefab
  artifactKey: Guid(c80fbf850ad97a34694544deb65b7fa2) Importer(815301076,1909f56bfc062723c751e8b465ee728b)
Start importing Assets/Polytope Studio/Lowpoly Medieval Environments/Prefabs/Trees/PT_Fruit_Tree_01_plums.prefab using Guid(c80fbf850ad97a34694544deb65b7fa2) Importer(815301076,1909f56bfc062723c751e8b465ee728b)  -> (artifact id: 'cb0310dbf02611467a2641ec39cf7c1f') in 0.041536 seconds 
========================================================================
Received Import Request.
  Time since last request: 0.000031 seconds.
  path: Assets/Polytope Studio/Lowpoly Medieval Environments/Prefabs/Trees/PT_Fruit_Tree_01_stump.prefab
  artifactKey: Guid(a917f6843cc222145828cefe2f799e67) Importer(815301076,1909f56bfc062723c751e8b465ee728b)
Start importing Assets/Polytope Studio/Lowpoly Medieval Environments/Prefabs/Trees/PT_Fruit_Tree_01_stump.prefab using Guid(a917f6843cc222145828cefe2f799e67) Importer(815301076,1909f56bfc062723c751e8b465ee728b)  -> (artifact id: '641ce1b2a711337b0b66a52cdcae4f0b') in 0.034164 seconds 
========================================================================
Received Import Request.
  Time since last request: 0.000042 seconds.
  path: Assets/Polytope Studio/Lowpoly Medieval Environments/Prefabs/Trees/PT_Fruit_Tree_01_green.prefab
  artifactKey: Guid(d90c349721b4e694fad80a76d87b2578) Importer(815301076,1909f56bfc062723c751e8b465ee728b)
Start importing Assets/Polytope Studio/Lowpoly Medieval Environments/Prefabs/Trees/PT_Fruit_Tree_01_green.prefab using Guid(d90c349721b4e694fad80a76d87b2578) Importer(815301076,1909f56bfc062723c751e8b465ee728b)  -> (artifact id: '125894bd11221081596ebfa1e97c8feb') in 0.044281 seconds 
========================================================================
Received Import Request.
  Time since last request: 5.097778 seconds.
  path: Assets/Polytope Studio/Lowpoly Medieval Demos/Environment_Free/Terrain/TerrainData_6dc76592-a48a-4163-91df-c29ec1a99c66.asset
  artifactKey: Guid(c40d5572f8d7d6843bd8d20c21f1c0be) Importer(815301076,1909f56bfc062723c751e8b465ee728b)
Start importing Assets/Polytope Studio/Lowpoly Medieval Demos/Environment_Free/Terrain/TerrainData_6dc76592-a48a-4163-91df-c29ec1a99c66.asset using Guid(c40d5572f8d7d6843bd8d20c21f1c0be) Importer(815301076,1909f56bfc062723c751e8b465ee728b)  -> (artifact id: '2eea10cb455908cb43375f0da57ae3c1') in 0.127940 seconds 
========================================================================
Received Import Request.
  Time since last request: 0.000027 seconds.
  path: Assets/Polytope Studio/Lowpoly Medieval Demos/Environment_Free/Terrain/TerrainData_d3c37e8d-6092-48f4-b81e-93b97326e4d2.asset
  artifactKey: Guid(dbe8ee5abb1344a4e8a8b80348f13db8) Importer(815301076,1909f56bfc062723c751e8b465ee728b)
Start importing Assets/Polytope Studio/Lowpoly Medieval Demos/Environment_Free/Terrain/TerrainData_d3c37e8d-6092-48f4-b81e-93b97326e4d2.asset using Guid(dbe8ee5abb1344a4e8a8b80348f13db8) Importer(815301076,1909f56bfc062723c751e8b465ee728b)  -> (artifact id: '97b35b423139703296afab6e29212bc5') in 0.058088 seconds 
========================================================================
Received Import Request.
  Time since last request: 0.000044 seconds.
  path: Assets/Polytope Studio/Lowpoly Medieval Demos/Environment_Free/Terrain/TerrainData_984456c3-d32f-475f-a118-27bb19f92a65.asset
  artifactKey: Guid(abd9fc8a29ea3f549bf82c3d3b8c843f) Importer(815301076,1909f56bfc062723c751e8b465ee728b)
Start importing Assets/Polytope Studio/Lowpoly Medieval Demos/Environment_Free/Terrain/TerrainData_984456c3-d32f-475f-a118-27bb19f92a65.asset using Guid(abd9fc8a29ea3f549bf82c3d3b8c843f) Importer(815301076,1909f56bfc062723c751e8b465ee728b) The tree PT_Pine_Tree_03_stump must use the Nature/Soft Occlusion shader. Otherwise billboarding/lighting will not work correctly.
The tree PT_Fruit_Tree_01_logs must use the Nature/Soft Occlusion shader. Otherwise billboarding/lighting will not work correctly.
 -> (artifact id: 'cdd55076bf0d77dc23e3dce7d97b1d65') in 0.074351 seconds 
========================================================================
Received Import Request.
  Time since last request: 0.000052 seconds.
  path: Assets/Polytope Studio/Lowpoly Medieval Demos/Environment_Free/Terrain/TerrainData_ff4b5190-b520-4d46-b960-ee1d0967df26.asset
  artifactKey: Guid(3349f3f4495a62f40895e095545b535e) Importer(815301076,1909f56bfc062723c751e8b465ee728b)
Start importing Assets/Polytope Studio/Lowpoly Medieval Demos/Environment_Free/Terrain/TerrainData_ff4b5190-b520-4d46-b960-ee1d0967df26.asset using Guid(3349f3f4495a62f40895e095545b535e) Importer(815301076,1909f56bfc062723c751e8b465ee728b) The tree PT_Pine_Tree_03_stump must use the Nature/Soft Occlusion shader. Otherwise billboarding/lighting will not work correctly.
The tree PT_Fruit_Tree_01_logs must use the Nature/Soft Occlusion shader. Otherwise billboarding/lighting will not work correctly.
 -> (artifact id: '124440695cb74c7e299f8a80435bded6') in 0.081576 seconds 
========================================================================
Received Import Request.
  Time since last request: 29.739624 seconds.
  path: Assets/Polytope Studio/Lowpoly Medieval Environments/Sources/Meshes/Rocks/PT_Menhir_Rock_02.fbx
  artifactKey: Guid(e0fe1b80592a0144babd1bf297ad32ad) Importer(815301076,1909f56bfc062723c751e8b465ee728b)
Start importing Assets/Polytope Studio/Lowpoly Medieval Environments/Sources/Meshes/Rocks/PT_Menhir_Rock_02.fbx using Guid(e0fe1b80592a0144babd1bf297ad32ad) Importer(815301076,1909f56bfc062723c751e8b465ee728b)  -> (artifact id: '9790ae43b7908781233a9f4dfdcbbbe5') in 0.105448 seconds 
========================================================================
Received Import Request.
  Time since last request: 0.000035 seconds.
  path: Assets/Polytope Studio/Lowpoly Medieval Environments/Sources/Meshes/Rocks/PT_Ore_Rock_01_split.fbx
  artifactKey: Guid(e011a827265c38e44baeae9310a2a9e2) Importer(815301076,1909f56bfc062723c751e8b465ee728b)
Start importing Assets/Polytope Studio/Lowpoly Medieval Environments/Sources/Meshes/Rocks/PT_Ore_Rock_01_split.fbx using Guid(e011a827265c38e44baeae9310a2a9e2) Importer(815301076,1909f56bfc062723c751e8b465ee728b)  -> (artifact id: '64dd4c9e5d66bba1d03f10b06b2cb187') in 0.097588 seconds 
========================================================================
Received Import Request.
  Time since last request: 0.290083 seconds.
  path: Assets/Polytope Studio/Lowpoly Medieval Environments/Sources/Meshes/Shrubs/PT_Generic_Shrub_01_green.fbx
  artifactKey: Guid(cc43ed905f6a9d24a86d3eb531265e85) Importer(815301076,1909f56bfc062723c751e8b465ee728b)
Start importing Assets/Polytope Studio/Lowpoly Medieval Environments/Sources/Meshes/Shrubs/PT_Generic_Shrub_01_green.fbx using Guid(cc43ed905f6a9d24a86d3eb531265e85) Importer(815301076,1909f56bfc062723c751e8b465ee728b)  -> (artifact id: 'bf8f56ba614080be2cc3b0197b0f46ea') in 0.063955 seconds 
========================================================================
Received Import Request.
  Time since last request: 0.409786 seconds.
  path: Assets/Polytope Studio/Lowpoly Medieval Environments/Sources/Meshes/Trees/PT_Fruit_Tree_01_dead.fbx
  artifactKey: Guid(3ebf65d3a6489594ca09a35d85d43b0a) Importer(815301076,1909f56bfc062723c751e8b465ee728b)
Start importing Assets/Polytope Studio/Lowpoly Medieval Environments/Sources/Meshes/Trees/PT_Fruit_Tree_01_dead.fbx using Guid(3ebf65d3a6489594ca09a35d85d43b0a) Importer(815301076,1909f56bfc062723c751e8b465ee728b)  -> (artifact id: '3598626cbb96a43316b85f2d10a8d085') in 0.082480 seconds 
========================================================================
Received Import Request.
  Time since last request: 0.000033 seconds.
  path: Assets/Polytope Studio/Lowpoly Medieval Environments/Sources/Meshes/Trees/PT_Fruit_Tree_01_plums.fbx
  artifactKey: Guid(0ef9f3b550a8ffd40ab0be1ae6034fe1) Importer(815301076,1909f56bfc062723c751e8b465ee728b)
Start importing Assets/Polytope Studio/Lowpoly Medieval Environments/Sources/Meshes/Trees/PT_Fruit_Tree_01_plums.fbx using Guid(0ef9f3b550a8ffd40ab0be1ae6034fe1) Importer(815301076,1909f56bfc062723c751e8b465ee728b)  -> (artifact id: '39bcf7878e7367667555bcf75198a1f1') in 0.171799 seconds 
========================================================================
Received Import Request.
  Time since last request: 0.000038 seconds.
  path: Assets/Polytope Studio/Lowpoly Medieval Environments/Sources/Meshes/Trees/PT_Fruit_Tree_01_pears.fbx
  artifactKey: Guid(ab5654911e4a8494190af9551d81ea81) Importer(815301076,1909f56bfc062723c751e8b465ee728b)
Start importing Assets/Polytope Studio/Lowpoly Medieval Environments/Sources/Meshes/Trees/PT_Fruit_Tree_01_pears.fbx using Guid(ab5654911e4a8494190af9551d81ea81) Importer(815301076,1909f56bfc062723c751e8b465ee728b)  -> (artifact id: '114baa2e100cff19b3d5a4e198ccda02') in 0.133412 seconds 
========================================================================
Received Import Request.
  Time since last request: 0.000030 seconds.
  path: Assets/Polytope Studio/Lowpoly Medieval Environments/Sources/Meshes/Trees/PT_Fruit_Tree_01_logs.fbx
  artifactKey: Guid(268a14e7ef45f1542a7d335b0a20d200) Importer(815301076,1909f56bfc062723c751e8b465ee728b)
Start importing Assets/Polytope Studio/Lowpoly Medieval Environments/Sources/Meshes/Trees/PT_Fruit_Tree_01_logs.fbx using Guid(268a14e7ef45f1542a7d335b0a20d200) Importer(815301076,1909f56bfc062723c751e8b465ee728b)  -> (artifact id: '548ad5230b7ac286d3e9db798158ac04') in 0.033985 seconds 
Editor requested this worker to shutdown with reason: Scaling down because of idle timeout
AssetImportWorker is now disconnected from the server
Process exiting
Exiting without the bug reporter. Application will terminate with return code 0